2022/10/27 23:05:22 Entering GetUserCollections...
2022/12/03 22:13:34 <<~~~~~~~~~~~~~~~~~~~~~~~~~~~~~~~~>>
2022/12/03 22:13:34 Entering GetTest..
2022/12/03 22:13:34 Exiting GetTest successfully...
2022/12/03 22:13:34 \__________________________________/
2022/12/03 22:22:11 <<~~~~~~~~~~~~~~~~~~~~~~~~~~~~~~~~>>
2022/12/03 22:22:11 Entering GetTest..
2022/12/03 22:22:11 Exiting GetTest successfully...
2022/12/03 22:22:11 \__________________________________/
2022/12/03 22:22:16 <<~~~~~~~~~~~~~~~~~~~~~~~~~~~~~~~~>>
2022/12/03 22:22:16 Entering GetTest..
2022/12/03 22:22:16 Exiting GetTest successfully...
2022/12/03 22:22:16 \__________________________________/
2022/12/03 22:22:17 <<~~~~~~~~~~~~~~~~~~~~~~~~~~~~~~~~>>
2022/12/03 22:22:17 Entering GetTest..
2022/12/03 22:22:18 Exiting GetTest successfully...
2022/12/03 22:22:18 \__________________________________/
2022/12/03 22:22:19 <<~~~~~~~~~~~~~~~~~~~~~~~~~~~~~~~~>>
2022/12/03 22:22:19 Entering GetTest..
2022/12/03 22:22:19 Exiting GetTest successfully...
2022/12/03 22:22:19 \__________________________________/
